Build started 8/17/2015 6:00:42 PM.
     1>Project "C:\Temp\practice1\practice1-devtools\samples\matrix_sample.vcxproj" on node 3 (rebuild target(s)).
     1>_PrepareForClean:
         Deleting file "matrix_sample.dir\Debug\matrix_sample.lastbuildstate".
       InitializeBuildStatus:
         Touching "matrix_sample.dir\Debug\matrix_sample.unsuccessfulbuild".
       CustomBuild:
         Building Custom Rule C:/Temp/practice1/practice1-devtools/samples/CMakeLists.txt
         CMake does not need to re-run because C:\Temp\practice1\practice1-devtools\samples\CMakeFiles\generate.stamp is up-to-date.
       ClCompile:
         C:\Program Files (x86)\Microsoft Visual Studio 10.0\VC\bin\x86_amd64\CL.exe /c /I"C:/Temp/practice1/practice1-devtools/include" /I"C:/Temp/practice1/practice1-devtools/3rdparty" /I"C:/OpenCV-2.4.11/opencv/build/include" /I"C:/OpenCV-2.4.11/opencv/build/include/opencv" /Zi /nologo /W3 /WX- /Od /Ob0 /D WIN32 /D _WINDOWS /D _DEBUG /D "CMAKE_INTDIR=\"Debug\"" /D _MBCS /Gm- /EHsc /RTC1 /MDd /GS /fp:precise /Zc:wchar_t /Zc:forScope /GR /Fo"matrix_sample.dir\Debug\\" /Fd"C:/Temp/practice1/practice1-devtools/bin/matrix_sample.pdb" /Gd /TP /errorReport:prompt matrix_sample.cpp
         matrix_sample.cpp
       ManifestResourceCompile:
         C:\Program Files (x86)\Microsoft SDKs\Windows\v7.0A\bin\rc.exe /nologo /fo"matrix_sample.dir\Debug\matrix_sample.exe.embed.manifest.res" matrix_sample.dir\Debug\matrix_sample_manifest.rc 
       Link:
         C:\Program Files (x86)\Microsoft Visual Studio 10.0\VC\bin\x86_amd64\link.exe /ERRORREPORT:PROMPT /OUT:"C:\Temp\practice1\practice1-devtools\bin\matrix_sample.exe" /INCREMENTAL /NOLOGO kernel32.lib user32.lib gdi32.lib winspool.lib shell32.lib ole32.lib oleaut32.lib uuid.lib comdlg32.lib advapi32.lib ..\lib\Debug\practice1.lib "C:\OpenCV-2.4.11\opencv\build\x64\vc10\lib\opencv_videostab2411d.lib" "C:\OpenCV-2.4.11\opencv\build\x64\vc10\lib\opencv_ts2411d.lib" "C:\OpenCV-2.4.11\opencv\build\x64\vc10\lib\opencv_superres2411d.lib" "C:\OpenCV-2.4.11\opencv\build\x64\vc10\lib\opencv_stitching2411d.lib" "C:\OpenCV-2.4.11\opencv\build\x64\vc10\lib\opencv_contrib2411d.lib" "C:\OpenCV-2.4.11\opencv\build\x64\vc10\lib\opencv_nonfree2411d.lib" "C:\OpenCV-2.4.11\opencv\build\x64\vc10\lib\opencv_ocl2411d.lib" "C:\OpenCV-2.4.11\opencv\build\x64\vc10\lib\opencv_gpu2411d.lib" "C:\OpenCV-2.4.11\opencv\build\x64\vc10\lib\opencv_photo2411d.lib" "C:\OpenCV-2.4.11\opencv\build\x64\vc10\lib\opencv_objdetect2411d.lib" "C:\OpenCV-2.4.11\opencv\build\x64\vc10\lib\opencv_legacy2411d.lib" "C:\OpenCV-2.4.11\opencv\build\x64\vc10\lib\opencv_video2411d.lib" "C:\OpenCV-2.4.11\opencv\build\x64\vc10\lib\opencv_ml2411d.lib" "C:\OpenCV-2.4.11\opencv\build\x64\vc10\lib\opencv_calib3d2411d.lib" "C:\OpenCV-2.4.11\opencv\build\x64\vc10\lib\opencv_features2d2411d.lib" "C:\OpenCV-2.4.11\opencv\build\x64\vc10\lib\opencv_highgui2411d.lib" "C:\OpenCV-2.4.11\opencv\build\x64\vc10\lib\opencv_imgproc2411d.lib" "C:\OpenCV-2.4.11\opencv\build\x64\vc10\lib\opencv_flann2411d.lib" "C:\OpenCV-2.4.11\opencv\build\x64\vc10\lib\opencv_core2411d.lib" /MANIFEST /ManifestFile:"matrix_sample.dir\Debug\matrix_sample.exe.intermediate.manifest" /MANIFESTUAC:"level='asInvoker' uiAccess='false'" /DEBUG /PDB:"C:/Temp/practice1/practice1-devtools/bin/matrix_sample.pdb" /SUBSYSTEM:CONSOLE /TLBID:1 /DYNAMICBASE /NXCOMPAT /IMPLIB:"C:/Temp/practice1/practice1-devtools/lib/Debug/matrix_sample.lib" /MACHINE:X64 matrix_sample.dir\Debug\matrix_sample.exe.embed.manifest.res
         matrix_sample.dir\Debug\matrix_sample.obj  /machine:x64 /debug 
     1>practice1.lib(filters_factory.obj) : error LNK2019: unresolved external symbol "class Filters * __cdecl createFiltersGrishinSergei(void)" (?createFiltersGrishinSergei@@YAPEAVFilters@@XZ) referenced in function "class Filters * __cdecl createFilters(enum FILTERS_IMPLEMENTATIONS)" (?createFilters@@YAPEAVFilters@@W4FILTERS_IMPLEMENTATIONS@@@Z)
     1>C:\Temp\practice1\practice1-devtools\bin\matrix_sample.exe : fatal error LNK1120: 1 unresolved externals
     1>Done Building Project "C:\Temp\practice1\practice1-devtools\samples\matrix_sample.vcxproj" (rebuild target(s)) -- FAILED.

Build FAILED.

Time Elapsed 00:00:01.14
